<?xml version="1.0" encoding="UTF-8"?>
<coverage generated="1745894247980" clover="3.2.0">
  <project timestamp="1745894247980" name="All files">
    <metrics statements="76" coveredstatements="45" conditionals="27" coveredconditionals="22" methods="24" coveredmethods="12" elements="127" coveredelements="79" complexity="0" loc="76" ncloc="76" packages="3" files="4" classes="4"/>
    <package name="Pages">
      <metrics statements="24" coveredstatements="22" conditionals="12" coveredconditionals="10" methods="4" coveredmethods="4"/>
      <file name="Home.tsx" path="/Users/michaeleakins/Projects/BlackholeSoftware/crashbytes/ByteSizedExamples/reactjs/src/Pages/Home.tsx">
        <metrics statements="24" coveredstatements="22" conditionals="12" coveredconditionals="10" methods="4" coveredmethods="4"/>
        <line num="2" count="1" type="stmt"/>
        <line num="3" count="1" type="stmt"/>
        <line num="4" count="1" type="stmt"/>
        <line num="6" count="1" type="stmt"/>
        <line num="7" count="7" type="stmt"/>
        <line num="8" count="7" type="stmt"/>
        <line num="9" count="7" type="stmt"/>
        <line num="10" count="7" type="stmt"/>
        <line num="14" count="7" type="stmt"/>
        <line num="15" count="6" type="stmt"/>
        <line num="16" count="3" type="cond" truecount="1" falsecount="0"/>
        <line num="17" count="2" type="stmt"/>
        <line num="18" count="2" type="stmt"/>
        <line num="21" count="1" type="stmt"/>
        <line num="22" count="1" type="stmt"/>
        <line num="25" count="1" type="stmt"/>
        <line num="26" count="1" type="stmt"/>
        <line num="28" count="0" type="stmt"/>
        <line num="29" count="0" type="stmt"/>
        <line num="31" count="1" type="stmt"/>
        <line num="35" count="3" type="stmt"/>
        <line num="38" count="7" type="stmt"/>
        <line num="47" count="1" type="stmt"/>
        <line num="76" count="1" type="stmt"/>
      </file>
    </package>
    <package name="components">
      <metrics statements="18" coveredstatements="18" conditionals="12" coveredconditionals="12" methods="8" coveredmethods="8"/>
      <file name="Album.tsx" path="/Users/michaeleakins/Projects/BlackholeSoftware/crashbytes/ByteSizedExamples/reactjs/src/components/Album.tsx">
        <metrics statements="10" coveredstatements="10" conditionals="6" coveredconditionals="6" methods="4" coveredmethods="4"/>
        <line num="2" count="3" type="stmt"/>
        <line num="10" count="3" type="stmt"/>
        <line num="12" count="11" type="stmt"/>
        <line num="13" count="11" type="stmt"/>
        <line num="18" count="11" type="stmt"/>
        <line num="20" count="11" type="stmt"/>
        <line num="32" count="1" type="stmt"/>
        <line num="51" count="14" type="stmt"/>
        <line num="52" count="23" type="stmt"/>
        <line num="67" count="3" type="stmt"/>
      </file>
      <file name="Albums.tsx" path="/Users/michaeleakins/Projects/BlackholeSoftware/crashbytes/ByteSizedExamples/reactjs/src/components/Albums.tsx">
        <metrics statements="8" coveredstatements="8" conditionals="6" coveredconditionals="6" methods="4" coveredmethods="4"/>
        <line num="2" count="2" type="stmt"/>
        <line num="4" count="2" type="stmt"/>
        <line num="10" count="3" type="stmt"/>
        <line num="12" count="3" type="stmt"/>
        <line num="14" count="6" type="stmt"/>
        <line num="17" count="3" type="stmt"/>
        <line num="27" count="4" type="stmt"/>
        <line num="36" count="2" type="stmt"/>
      </file>
    </package>
    <package name="networking">
      <metrics statements="34" coveredstatements="5" conditionals="3" coveredconditionals="0" methods="12" coveredmethods="0"/>
      <file name="api.ts" path="/Users/michaeleakins/Projects/BlackholeSoftware/crashbytes/ByteSizedExamples/reactjs/src/networking/api.ts">
        <metrics statements="34" coveredstatements="5" conditionals="3" coveredconditionals="0" methods="12" coveredmethods="0"/>
        <line num="25" count="1" type="stmt"/>
        <line num="27" count="1" type="stmt"/>
        <line num="28" count="0" type="cond" truecount="0" falsecount="1"/>
        <line num="31" count="0" type="stmt"/>
        <line num="36" count="0" type="stmt"/>
        <line num="37" count="0" type="stmt"/>
        <line num="39" count="0" type="stmt"/>
        <line num="40" count="0" type="stmt"/>
        <line num="44" count="1" type="stmt"/>
        <line num="46" count="0" type="stmt"/>
        <line num="49" count="0" type="stmt"/>
        <line num="51" count="0" type="stmt"/>
        <line num="53" count="0" type="stmt"/>
        <line num="54" count="0" type="stmt"/>
        <line num="58" count="1" type="stmt"/>
        <line num="61" count="0" type="stmt"/>
        <line num="63" count="0" type="stmt"/>
        <line num="66" count="0" type="stmt"/>
        <line num="68" count="0" type="stmt"/>
        <line num="70" count="0" type="stmt"/>
        <line num="71" count="0" type="stmt"/>
        <line num="77" count="1" type="stmt"/>
        <line num="78" count="0" type="stmt"/>
        <line num="82" count="0" type="stmt"/>
        <line num="83" count="0" type="cond" truecount="0" falsecount="1"/>
        <line num="86" count="0" type="stmt"/>
        <line num="89" count="0" type="stmt"/>
        <line num="92" count="0" type="stmt"/>
        <line num="93" count="0" type="stmt"/>
        <line num="94" count="0" type="cond" truecount="0" falsecount="1"/>
        <line num="95" count="0" type="stmt"/>
        <line num="102" count="0" type="stmt"/>
        <line num="104" count="0" type="stmt"/>
        <line num="105" count="0" type="stmt"/>
      </file>
    </package>
  </project>
</coverage>
