TN:
SF:src/Pages/Home.tsx
FN:6,(anonymous_22)
FN:14,(anonymous_23)
FN:15,(anonymous_24)
FN:47,(anonymous_27)
FNF:4
FNH:0
FNDA:0,(anonymous_22)
FNDA:0,(anonymous_23)
FNDA:0,(anonymous_24)
FNDA:0,(anonymous_27)
DA:2,0
DA:3,0
DA:4,0
DA:6,0
DA:7,0
DA:8,0
DA:9,0
DA:10,0
DA:14,0
DA:15,0
DA:16,0
DA:17,0
DA:18,0
DA:21,0
DA:22,0
DA:25,0
DA:26,0
DA:28,0
DA:29,0
DA:31,0
DA:35,0
DA:38,0
DA:47,0
DA:76,0
LF:24
LH:0
BRDA:16,0,0,0
BRDA:53,1,0,0
BRDA:53,1,1,0
BRDA:59,2,0,0
BRDA:59,2,1,0
BRDA:65,3,0,0
BRDA:65,3,1,0
BRDA:65,3,2,0
BRDA:65,3,3,0
BRDA:65,3,4,0
BRDA:71,4,0,0
BRDA:71,4,1,0
BRF:12
BRH:0
end_of_record
TN:
SF:src/components/Album.tsx
FN:12,(anonymous_8)
FN:32,(anonymous_9)
FN:51,(anonymous_10)
FN:52,(anonymous_11)
FNF:4
FNH:0
FNDA:0,(anonymous_8)
FNDA:0,(anonymous_9)
FNDA:0,(anonymous_10)
FNDA:0,(anonymous_11)
DA:2,0
DA:10,0
DA:12,0
DA:13,0
DA:18,0
DA:20,0
DA:32,0
DA:51,0
DA:52,0
DA:67,0
LF:10
LH:0
BRDA:29,0,0,0
BRDA:29,0,1,0
BRDA:48,1,0,0
BRDA:48,1,1,0
BRDA:48,2,0,0
BRDA:48,2,1,0
BRF:6
BRH:0
end_of_record
TN:
SF:src/components/Albums.tsx
FN:10,(anonymous_3)
FN:13,(anonymous_4)
FN:14,(anonymous_5)
FN:27,(anonymous_6)
FNF:4
FNH:0
FNDA:0,(anonymous_3)
FNDA:0,(anonymous_4)
FNDA:0,(anonymous_5)
FNDA:0,(anonymous_6)
DA:2,0
DA:4,0
DA:10,0
DA:12,0
DA:14,0
DA:17,0
DA:27,0
DA:36,0
LF:8
LH:0
BRDA:20,0,0,0
BRDA:20,0,1,0
BRDA:20,1,0,0
BRDA:20,1,1,0
BRDA:23,2,0,0
BRDA:23,2,1,0
BRF:6
BRH:0
end_of_record
TN:
SF:src/networking/api.ts
FN:25,(anonymous_15)
FN:25,(anonymous_16)
FN:27,(anonymous_17)
FN:27,(anonymous_18)
FN:44,(anonymous_20)
FN:44,(anonymous_21)
FN:58,(anonymous_23)
FN:58,(anonymous_24)
FN:77,(anonymous_26)
FN:79,(anonymous_27)
FN:93,(anonymous_29)
FN:93,(anonymous_30)
FNF:12
FNH:0
FNDA:0,(anonymous_15)
FNDA:0,(anonymous_16)
FNDA:0,(anonymous_17)
FNDA:0,(anonymous_18)
FNDA:0,(anonymous_20)
FNDA:0,(anonymous_21)
FNDA:0,(anonymous_23)
FNDA:0,(anonymous_24)
FNDA:0,(anonymous_26)
FNDA:0,(anonymous_27)
FNDA:0,(anonymous_29)
FNDA:0,(anonymous_30)
DA:25,0
DA:27,0
DA:28,0
DA:31,0
DA:36,0
DA:37,0
DA:39,0
DA:40,0
DA:44,0
DA:46,0
DA:49,0
DA:51,0
DA:53,0
DA:54,0
DA:58,0
DA:61,0
DA:63,0
DA:66,0
DA:68,0
DA:70,0
DA:71,0
DA:77,0
DA:78,0
DA:82,0
DA:83,0
DA:86,0
DA:89,0
DA:92,0
DA:93,0
DA:94,0
DA:95,0
DA:102,0
DA:104,0
DA:105,0
LF:34
LH:0
BRDA:28,0,0,0
BRDA:83,1,0,0
BRDA:94,2,0,0
BRF:3
BRH:0
end_of_record
